[0.452s] Invoking command in '/home/alexandra.bacula/turtlebot4_ws/src/lab1_pkg': PYTHONPATH=/home/alexandra.bacula/turtlebot4_ws/build/lab1_pkg/prefix_override:/usr/lib/python3/dist-packages/colcon_core/task/python/colcon_distutils_commands:/home/alexandra.bacula/turtlebot4_ws/install/lab1_pkg/lib/python3.10/site-packages: /usr/bin/python3 -W ignore:setup.py install is deprecated -W ignore:easy_install command is deprecated setup.py egg_info --egg-base ../../build/lab1_pkg build --build-base /home/alexandra.bacula/turtlebot4_ws/build/lab1_pkg/build install --record /home/alexandra.bacula/turtlebot4_ws/build/lab1_pkg/install.log --single-version-externally-managed install_data
[0.618s] running egg_info
[0.618s] writing ../../build/lab1_pkg/lab1_pkg.egg-info/PKG-INFO
[0.618s] writing dependency_links to ../../build/lab1_pkg/lab1_pkg.egg-info/dependency_links.txt
[0.619s] writing entry points to ../../build/lab1_pkg/lab1_pkg.egg-info/entry_points.txt
[0.619s] writing requirements to ../../build/lab1_pkg/lab1_pkg.egg-info/requires.txt
[0.619s] writing top-level names to ../../build/lab1_pkg/lab1_pkg.egg-info/top_level.txt
[0.620s] reading manifest file '../../build/lab1_pkg/lab1_pkg.egg-info/SOURCES.txt'
[0.621s] writing manifest file '../../build/lab1_pkg/lab1_pkg.egg-info/SOURCES.txt'
[0.621s] running build
[0.621s] running build_py
[0.621s] copying lab1_pkg/speed_behavior.py -> /home/alexandra.bacula/turtlebot4_ws/build/lab1_pkg/build/lib/lab1_pkg
[0.621s] running install
[0.621s] running install_lib
[0.622s] copying /home/alexandra.bacula/turtlebot4_ws/build/lab1_pkg/build/lib/lab1_pkg/speed_behavior.py -> /home/alexandra.bacula/turtlebot4_ws/install/lab1_pkg/lib/python3.10/site-packages/lab1_pkg
[0.623s] byte-compiling /home/alexandra.bacula/turtlebot4_ws/install/lab1_pkg/lib/python3.10/site-packages/lab1_pkg/speed_behavior.py to speed_behavior.cpython-310.pyc
[0.624s] running install_data
[0.624s] running install_egg_info
[0.625s] removing '/home/alexandra.bacula/turtlebot4_ws/install/lab1_pkg/lib/python3.10/site-packages/lab1_pkg-0.0.0-py3.10.egg-info' (and everything under it)
[0.625s] Copying ../../build/lab1_pkg/lab1_pkg.egg-info to /home/alexandra.bacula/turtlebot4_ws/install/lab1_pkg/lib/python3.10/site-packages/lab1_pkg-0.0.0-py3.10.egg-info
[0.626s] running install_scripts
[0.643s] Installing speed_behavior_node script to /home/alexandra.bacula/turtlebot4_ws/install/lab1_pkg/lib/lab1_pkg
[0.643s] writing list of installed files to '/home/alexandra.bacula/turtlebot4_ws/build/lab1_pkg/install.log'
[0.660s] Invoked command in '/home/alexandra.bacula/turtlebot4_ws/src/lab1_pkg' returned '0': PYTHONPATH=/home/alexandra.bacula/turtlebot4_ws/build/lab1_pkg/prefix_override:/usr/lib/python3/dist-packages/colcon_core/task/python/colcon_distutils_commands:/home/alexandra.bacula/turtlebot4_ws/install/lab1_pkg/lib/python3.10/site-packages: /usr/bin/python3 -W ignore:setup.py install is deprecated -W ignore:easy_install command is deprecated setup.py egg_info --egg-base ../../build/lab1_pkg build --build-base /home/alexandra.bacula/turtlebot4_ws/build/lab1_pkg/build install --record /home/alexandra.bacula/turtlebot4_ws/build/lab1_pkg/install.log --single-version-externally-managed install_data
