[0.000000] (-) TimerEvent: {}
[0.000211] (lab1_pkg) JobQueued: {'identifier': 'lab1_pkg', 'dependencies': OrderedDict()}
[0.000256] (lab2_pkg) JobQueued: {'identifier': 'lab2_pkg', 'dependencies': OrderedDict()}
[0.000273] (lab1_pkg) JobStarted: {'identifier': 'lab1_pkg'}
[0.029311] (lab2_pkg) JobStarted: {'identifier': 'lab2_pkg'}
[0.099560] (-) TimerEvent: {}
[0.199778] (-) TimerEvent: {}
[0.300050] (-) TimerEvent: {}
[0.400274] (-) TimerEvent: {}
[0.500498] (-) TimerEvent: {}
[0.600705] (-) TimerEvent: {}
[0.700905] (-) TimerEvent: {}
[0.801125] (-) TimerEvent: {}
[0.901352] (-) TimerEvent: {}
[1.001557] (-) TimerEvent: {}
[1.101765] (-) TimerEvent: {}
[1.201997] (-) TimerEvent: {}
[1.302225] (-) TimerEvent: {}
[1.402401] (-) TimerEvent: {}
[1.502607] (-) TimerEvent: {}
[1.602814] (-) TimerEvent: {}
[1.703034] (-) TimerEvent: {}
[1.803298] (-) TimerEvent: {}
[1.903565] (-) TimerEvent: {}
[1.911891] (lab2_pkg) Command: {'cmd': ['/usr/bin/python3', '-W', 'ignore:setup.py install is deprecated', '-W', 'ignore:easy_install command is deprecated', 'setup.py', 'egg_info', '--egg-base', '../../build/lab2_pkg', 'build', '--build-base', '/home/alexandra.bacula/turtlebot4_ws/build/lab2_pkg/build', 'install', '--record', '/home/alexandra.bacula/turtlebot4_ws/build/lab2_pkg/install.log', '--single-version-externally-managed', 'install_data'], 'cwd': '/home/alexandra.bacula/turtlebot4_ws/src/lab2_pkg', 'env': {'USER': 'alexandra.bacula', 'XDG_SESSION_TYPE': 'wayland', 'SHLVL': '1', 'LD_LIBRARY_PATH': '/opt/ros/humble/opt/rviz_ogre_vendor/lib:/opt/ros/humble/lib/x86_64-linux-gnu:/opt/ros/humble/lib', 'OLDPWD': '/home/alexandra.bacula/turtlebot4_ws/src', 'HOME': '/home/alexandra.bacula', 'DESKTOP_SESSION': 'ubuntu', 'GTK_MODULES': 'gail:atk-bridge', 'GNOME_SHELL_SESSION_MODE': 'ubuntu', 'ROS_PYTHON_VERSION': '3', 'SYSTEMD_EXEC_PID': '101150', 'DBUS_SESSION_BUS_ADDRESS': 'unix:path=/run/user/481852695/bus', 'COLORTERM': 'truecolor', 'CONDA_CHANGEPS1': 'no', 'WAYLAND_DISPLAY': 'wayland-0', 'ROS_DISTRO': 'humble', 'COLCON_PREFIX_PATH': '/home/alexandra.bacula/turtlebot4_ws/install', 'LOGNAME': 'alexandra.bacula', '_': '/usr/bin/colcon', 'XDG_SESSION_CLASS': 'user', 'ROS_VERSION': '2', 'USERNAME': 'alexandra.bacula', 'TERM': 'xterm-256color', 'PROMPT_EOL_MARK': '', 'ROS_SUPER_CLIENT': 'True', 'GNOME_DESKTOP_SESSION_ID': 'this-is-deprecated', 'ROS_LOCALHOST_ONLY': '0', 'PATH': '/opt/ros/humble/bin:/usr/local/sbin:/usr/local/bin:/usr/sbin:/usr/bin:/sbin:/bin:/usr/games:/usr/local/games:/snap/bin:/snap/bin', 'SESSION_MANAGER': 'local/csci20142:@/tmp/.ICE-unix/101126,unix/csci20142:/tmp/.ICE-unix/101126', 'GNOME_TERMINAL_SCREEN': '/org/gnome/Terminal/screen/f80d5492_c35c_40ac_b717_1bec90756810', 'XDG_MENU_PREFIX': 'gnome-', 'GNOME_SETUP_DISPLAY': ':1', 'XDG_RUNTIME_DIR': '/run/user/481852695', 'DISPLAY': ':0', 'LANG': 'en_US.UTF-8', 'XDG_CURRENT_DESKTOP': 'ubuntu:GNOME', 'RMW_IMPLEMENTATION': 'rmw_fastrtps_cpp', 'XDG_SESSION_DESKTOP': 'ubuntu', 'GNOME_TERMINAL_SERVICE': ':1.125', 'XMODIFIERS': '@im=ibus', 'XAUTHORITY': '/run/user/481852695/.mutter-Xwaylandauth.9O7K22', 'SSH_AUTH_SOCK': '/run/user/481852695/keyring/ssh', 'SSH_AGENT_LAUNCHER': 'gnome-keyring', 'AMENT_PREFIX_PATH': '/home/alexandra.bacula/turtlebot4_ws/install/lab1_pkg:/opt/ros/humble', 'ROS_DOMAIN_ID': '1', 'KRB5CCNAME': 'FILE:/tmp/krb5cc_481852695_l6Ww4a', 'SHELL': '/bin/zsh', 'ROS_DISCOVERY_SERVER': '10.5.112.168:11811', 'QT_ACCESSIBILITY': '1', 'GDMSESSION': 'ubuntu', 'QT_IM_MODULE': 'ibus', 'PWD': '/home/alexandra.bacula/turtlebot4_ws/build/lab2_pkg', 'XDG_DATA_DIRS': '/usr/local/share/:/usr/share/:/var/lib/snapd/desktop', 'VIRTUAL_ENV_DISABLE_PROMPT': '12', 'PYTHONPATH': '/home/alexandra.bacula/turtlebot4_ws/build/lab2_pkg/prefix_override:/usr/lib/python3/dist-packages/colcon_core/task/python/colcon_distutils_commands:/home/alexandra.bacula/turtlebot4_ws/install/lab2_pkg/lib/python3.10/site-packages:/home/alexandra.bacula/turtlebot4_ws/install/lab1_pkg/lib/python3.10/site-packages:/opt/ros/humble/lib/python3.10/site-packages:/opt/ros/humble/local/lib/python3.10/dist-packages', 'COLCON': '1', 'VTE_VERSION': '6800'}, 'shell': False}
[1.916965] (lab1_pkg) Command: {'cmd': ['/usr/bin/python3', '-W', 'ignore:setup.py install is deprecated', '-W', 'ignore:easy_install command is deprecated', 'setup.py', 'egg_info', '--egg-base', '../../build/lab1_pkg', 'build', '--build-base', '/home/alexandra.bacula/turtlebot4_ws/build/lab1_pkg/build', 'install', '--record', '/home/alexandra.bacula/turtlebot4_ws/build/lab1_pkg/install.log', '--single-version-externally-managed', 'install_data'], 'cwd': '/home/alexandra.bacula/turtlebot4_ws/src/lab1_pkg', 'env': {'USER': 'alexandra.bacula', 'XDG_SESSION_TYPE': 'wayland', 'SHLVL': '1', 'LD_LIBRARY_PATH': '/opt/ros/humble/opt/rviz_ogre_vendor/lib:/opt/ros/humble/lib/x86_64-linux-gnu:/opt/ros/humble/lib', 'OLDPWD': '/home/alexandra.bacula/turtlebot4_ws/src', 'HOME': '/home/alexandra.bacula', 'DESKTOP_SESSION': 'ubuntu', 'GTK_MODULES': 'gail:atk-bridge', 'GNOME_SHELL_SESSION_MODE': 'ubuntu', 'ROS_PYTHON_VERSION': '3', 'SYSTEMD_EXEC_PID': '101150', 'DBUS_SESSION_BUS_ADDRESS': 'unix:path=/run/user/481852695/bus', 'COLORTERM': 'truecolor', 'CONDA_CHANGEPS1': 'no', 'WAYLAND_DISPLAY': 'wayland-0', 'ROS_DISTRO': 'humble', 'COLCON_PREFIX_PATH': '/home/alexandra.bacula/turtlebot4_ws/install', 'LOGNAME': 'alexandra.bacula', '_': '/usr/bin/colcon', 'XDG_SESSION_CLASS': 'user', 'ROS_VERSION': '2', 'USERNAME': 'alexandra.bacula', 'TERM': 'xterm-256color', 'PROMPT_EOL_MARK': '', 'ROS_SUPER_CLIENT': 'True', 'GNOME_DESKTOP_SESSION_ID': 'this-is-deprecated', 'ROS_LOCALHOST_ONLY': '0', 'PATH': '/opt/ros/humble/bin:/usr/local/sbin:/usr/local/bin:/usr/sbin:/usr/bin:/sbin:/bin:/usr/games:/usr/local/games:/snap/bin:/snap/bin', 'SESSION_MANAGER': 'local/csci20142:@/tmp/.ICE-unix/101126,unix/csci20142:/tmp/.ICE-unix/101126', 'GNOME_TERMINAL_SCREEN': '/org/gnome/Terminal/screen/f80d5492_c35c_40ac_b717_1bec90756810', 'XDG_MENU_PREFIX': 'gnome-', 'GNOME_SETUP_DISPLAY': ':1', 'XDG_RUNTIME_DIR': '/run/user/481852695', 'DISPLAY': ':0', 'LANG': 'en_US.UTF-8', 'XDG_CURRENT_DESKTOP': 'ubuntu:GNOME', 'RMW_IMPLEMENTATION': 'rmw_fastrtps_cpp', 'XDG_SESSION_DESKTOP': 'ubuntu', 'GNOME_TERMINAL_SERVICE': ':1.125', 'XMODIFIERS': '@im=ibus', 'XAUTHORITY': '/run/user/481852695/.mutter-Xwaylandauth.9O7K22', 'SSH_AUTH_SOCK': '/run/user/481852695/keyring/ssh', 'SSH_AGENT_LAUNCHER': 'gnome-keyring', 'AMENT_PREFIX_PATH': '/home/alexandra.bacula/turtlebot4_ws/install/lab1_pkg:/opt/ros/humble', 'ROS_DOMAIN_ID': '1', 'KRB5CCNAME': 'FILE:/tmp/krb5cc_481852695_l6Ww4a', 'SHELL': '/bin/zsh', 'ROS_DISCOVERY_SERVER': '10.5.112.168:11811', 'QT_ACCESSIBILITY': '1', 'GDMSESSION': 'ubuntu', 'QT_IM_MODULE': 'ibus', 'PWD': '/home/alexandra.bacula/turtlebot4_ws/build/lab1_pkg', 'XDG_DATA_DIRS': '/usr/local/share/:/usr/share/:/var/lib/snapd/desktop', 'VIRTUAL_ENV_DISABLE_PROMPT': '12', 'PYTHONPATH': '/home/alexandra.bacula/turtlebot4_ws/build/lab1_pkg/prefix_override:/usr/lib/python3/dist-packages/colcon_core/task/python/colcon_distutils_commands:/home/alexandra.bacula/turtlebot4_ws/install/lab1_pkg/lib/python3.10/site-packages:/home/alexandra.bacula/turtlebot4_ws/install/lab1_pkg/lib/python3.10/site-packages:/opt/ros/humble/lib/python3.10/site-packages:/opt/ros/humble/local/lib/python3.10/dist-packages', 'COLCON': '1', 'VTE_VERSION': '6800'}, 'shell': False}
[2.003646] (-) TimerEvent: {}
[2.103894] (-) TimerEvent: {}
[2.123341] (lab1_pkg) StdoutLine: {'line': b'running egg_info\n'}
[2.123950] (lab1_pkg) StdoutLine: {'line': b'writing ../../build/lab1_pkg/lab1_pkg.egg-info/PKG-INFO\n'}
[2.126369] (lab1_pkg) StdoutLine: {'line': b'writing dependency_links to ../../build/lab1_pkg/lab1_pkg.egg-info/dependency_links.txt\n'}
[2.126772] (lab1_pkg) StdoutLine: {'line': b'writing entry points to ../../build/lab1_pkg/lab1_pkg.egg-info/entry_points.txt\n'}
[2.127818] (lab1_pkg) StdoutLine: {'line': b'writing requirements to ../../build/lab1_pkg/lab1_pkg.egg-info/requires.txt\n'}
[2.128164] (lab1_pkg) StdoutLine: {'line': b'writing top-level names to ../../build/lab1_pkg/lab1_pkg.egg-info/top_level.txt\n'}
[2.128586] (lab2_pkg) StdoutLine: {'line': b'running egg_info\n'}
[2.129131] (lab2_pkg) StdoutLine: {'line': b'creating ../../build/lab2_pkg/lab2_pkg.egg-info\n'}
[2.129261] (lab2_pkg) StdoutLine: {'line': b'writing ../../build/lab2_pkg/lab2_pkg.egg-info/PKG-INFO\n'}
[2.129966] (lab2_pkg) StdoutLine: {'line': b'writing dependency_links to ../../build/lab2_pkg/lab2_pkg.egg-info/dependency_links.txt\n'}
[2.130085] (lab1_pkg) StdoutLine: {'line': b"reading manifest file '../../build/lab1_pkg/lab1_pkg.egg-info/SOURCES.txt'\n"}
[2.130355] (lab2_pkg) StdoutLine: {'line': b'writing entry points to ../../build/lab2_pkg/lab2_pkg.egg-info/entry_points.txt\n'}
[2.130694] (lab2_pkg) StdoutLine: {'line': b'writing requirements to ../../build/lab2_pkg/lab2_pkg.egg-info/requires.txt\n'}
[2.130993] (lab2_pkg) StdoutLine: {'line': b'writing top-level names to ../../build/lab2_pkg/lab2_pkg.egg-info/top_level.txt\n'}
[2.131403] (lab2_pkg) StdoutLine: {'line': b"writing manifest file '../../build/lab2_pkg/lab2_pkg.egg-info/SOURCES.txt'\n"}
[2.132112] (lab1_pkg) StdoutLine: {'line': b"writing manifest file '../../build/lab1_pkg/lab1_pkg.egg-info/SOURCES.txt'\n"}
[2.132199] (lab1_pkg) StdoutLine: {'line': b'running build\n'}
[2.132268] (lab1_pkg) StdoutLine: {'line': b'running build_py\n'}
[2.132485] (lab1_pkg) StdoutLine: {'line': b'running install\n'}
[2.132695] (lab1_pkg) StdoutLine: {'line': b'running install_lib\n'}
[2.132948] (lab2_pkg) StdoutLine: {'line': b"reading manifest file '../../build/lab2_pkg/lab2_pkg.egg-info/SOURCES.txt'\n"}
[2.133533] (lab2_pkg) StdoutLine: {'line': b"writing manifest file '../../build/lab2_pkg/lab2_pkg.egg-info/SOURCES.txt'\n"}
[2.133656] (lab2_pkg) StdoutLine: {'line': b'running build\n'}
[2.133760] (lab2_pkg) StdoutLine: {'line': b'running build_py\n'}
[2.133846] (lab1_pkg) StdoutLine: {'line': b'running install_data\n'}
[2.133959] (lab2_pkg) StdoutLine: {'line': b'creating /home/alexandra.bacula/turtlebot4_ws/build/lab2_pkg/build\n'}
[2.134044] (lab2_pkg) StdoutLine: {'line': b'creating /home/alexandra.bacula/turtlebot4_ws/build/lab2_pkg/build/lib\n'}
[2.134153] (lab2_pkg) StdoutLine: {'line': b'creating /home/alexandra.bacula/turtlebot4_ws/build/lab2_pkg/build/lib/lab2_pkg\n'}
[2.134236] (lab2_pkg) StdoutLine: {'line': b'copying lab2_pkg/lab2_test.py -> /home/alexandra.bacula/turtlebot4_ws/build/lab2_pkg/build/lib/lab2_pkg\n'}
[2.134323] (lab1_pkg) StdoutLine: {'line': b'running install_egg_info\n'}
[2.134436] (lab2_pkg) StdoutLine: {'line': b'copying lab2_pkg/__init__.py -> /home/alexandra.bacula/turtlebot4_ws/build/lab2_pkg/build/lib/lab2_pkg\n'}
[2.134564] (lab2_pkg) StdoutLine: {'line': b'running install\n'}
[2.134811] (lab2_pkg) StdoutLine: {'line': b'running install_lib\n'}
[2.135412] (lab2_pkg) StdoutLine: {'line': b'creating /home/alexandra.bacula/turtlebot4_ws/install/lab2_pkg/lib/python3.10/site-packages/lab2_pkg\n'}
[2.135540] (lab2_pkg) StdoutLine: {'line': b'copying /home/alexandra.bacula/turtlebot4_ws/build/lab2_pkg/build/lib/lab2_pkg/lab2_test.py -> /home/alexandra.bacula/turtlebot4_ws/install/lab2_pkg/lib/python3.10/site-packages/lab2_pkg\n'}
[2.136087] (lab2_pkg) StdoutLine: {'line': b'copying /home/alexandra.bacula/turtlebot4_ws/build/lab2_pkg/build/lib/lab2_pkg/__init__.py -> /home/alexandra.bacula/turtlebot4_ws/install/lab2_pkg/lib/python3.10/site-packages/lab2_pkg\n'}
[2.136337] (lab1_pkg) StdoutLine: {'line': b"removing '/home/alexandra.bacula/turtlebot4_ws/install/lab1_pkg/lib/python3.10/site-packages/lab1_pkg-0.0.0-py3.10.egg-info' (and everything under it)\n"}
[2.136580] (lab1_pkg) StdoutLine: {'line': b'Copying ../../build/lab1_pkg/lab1_pkg.egg-info to /home/alexandra.bacula/turtlebot4_ws/install/lab1_pkg/lib/python3.10/site-packages/lab1_pkg-0.0.0-py3.10.egg-info\n'}
[2.136710] (lab2_pkg) StdoutLine: {'line': b'byte-compiling /home/alexandra.bacula/turtlebot4_ws/install/lab2_pkg/lib/python3.10/site-packages/lab2_pkg/lab2_test.py to lab2_test.cpython-310.pyc\n'}
[2.139186] (lab2_pkg) StdoutLine: {'line': b'byte-compiling /home/alexandra.bacula/turtlebot4_ws/install/lab2_pkg/lib/python3.10/site-packages/lab2_pkg/__init__.py to __init__.cpython-310.pyc\n'}
[2.139343] (lab1_pkg) StdoutLine: {'line': b'running install_scripts\n'}
[2.139541] (lab2_pkg) StdoutLine: {'line': b'running install_data\n'}
[2.139656] (lab2_pkg) StdoutLine: {'line': b'creating /home/alexandra.bacula/turtlebot4_ws/install/lab2_pkg/share/ament_index\n'}
[2.139712] (lab2_pkg) StdoutLine: {'line': b'creating /home/alexandra.bacula/turtlebot4_ws/install/lab2_pkg/share/ament_index/resource_index\n'}
[2.139763] (lab2_pkg) StdoutLine: {'line': b'creating /home/alexandra.bacula/turtlebot4_ws/install/lab2_pkg/share/ament_index/resource_index/packages\n'}
[2.139828] (lab2_pkg) StdoutLine: {'line': b'copying resource/lab2_pkg -> /home/alexandra.bacula/turtlebot4_ws/install/lab2_pkg/share/ament_index/resource_index/packages\n'}
[2.139944] (lab2_pkg) StdoutLine: {'line': b'copying package.xml -> /home/alexandra.bacula/turtlebot4_ws/install/lab2_pkg/share/lab2_pkg\n'}
[2.140188] (lab2_pkg) StdoutLine: {'line': b'running install_egg_info\n'}
[2.141544] (lab2_pkg) StdoutLine: {'line': b'Copying ../../build/lab2_pkg/lab2_pkg.egg-info to /home/alexandra.bacula/turtlebot4_ws/install/lab2_pkg/lib/python3.10/site-packages/lab2_pkg-0.0.0-py3.10.egg-info\n'}
[2.143561] (lab2_pkg) StdoutLine: {'line': b'running install_scripts\n'}
[2.155145] (lab1_pkg) StdoutLine: {'line': b'Installing speed_behavior_node script to /home/alexandra.bacula/turtlebot4_ws/install/lab1_pkg/lib/lab1_pkg\n'}
[2.157116] (lab1_pkg) StdoutLine: {'line': b"writing list of installed files to '/home/alexandra.bacula/turtlebot4_ws/build/lab1_pkg/install.log'\n"}
[2.159264] (lab2_pkg) StdoutLine: {'line': b'Installing lab2_test_node script to /home/alexandra.bacula/turtlebot4_ws/install/lab2_pkg/lib/lab2_pkg\n'}
[2.159774] (lab2_pkg) StdoutLine: {'line': b"writing list of installed files to '/home/alexandra.bacula/turtlebot4_ws/build/lab2_pkg/install.log'\n"}
[2.177010] (lab1_pkg) CommandEnded: {'returncode': 0}
[2.203965] (-) TimerEvent: {}
[2.264166] (lab1_pkg) JobEnded: {'identifier': 'lab1_pkg', 'rc': 0}
[2.266379] (lab2_pkg) CommandEnded: {'returncode': 0}
[2.271639] (lab2_pkg) JobEnded: {'identifier': 'lab2_pkg', 'rc': 0}
[2.272649] (-) EventReactorShutdown: {}
