[0.785s] Invoking command in '/home/alexandra.bacula/turtlebot4_ws/src/lab2_pkg': PYTHONPATH=/home/alexandra.bacula/turtlebot4_ws/build/lab2_pkg/prefix_override:/usr/lib/python3/dist-packages/colcon_core/task/python/colcon_distutils_commands:/home/alexandra.bacula/turtlebot4_ws/install/lab2_pkg/lib/python3.10/site-packages:${PYTHONPATH} /usr/bin/python3 -W ignore:setup.py install is deprecated -W ignore:easy_install command is deprecated setup.py egg_info --egg-base ../../build/lab2_pkg build --build-base /home/alexandra.bacula/turtlebot4_ws/build/lab2_pkg/build install --record /home/alexandra.bacula/turtlebot4_ws/build/lab2_pkg/install.log --single-version-externally-managed install_data
[0.989s] running egg_info
[0.990s] writing ../../build/lab2_pkg/lab2_pkg.egg-info/PKG-INFO
[0.991s] writing dependency_links to ../../build/lab2_pkg/lab2_pkg.egg-info/dependency_links.txt
[0.991s] writing entry points to ../../build/lab2_pkg/lab2_pkg.egg-info/entry_points.txt
[0.991s] writing requirements to ../../build/lab2_pkg/lab2_pkg.egg-info/requires.txt
[0.991s] writing top-level names to ../../build/lab2_pkg/lab2_pkg.egg-info/top_level.txt
[0.993s] reading manifest file '../../build/lab2_pkg/lab2_pkg.egg-info/SOURCES.txt'
[0.994s] writing manifest file '../../build/lab2_pkg/lab2_pkg.egg-info/SOURCES.txt'
[0.994s] running build
[0.994s] running build_py
[0.994s] copying lab2_pkg/lab2_test.py -> /home/alexandra.bacula/turtlebot4_ws/build/lab2_pkg/build/lib/lab2_pkg
[0.994s] running install
[0.995s] running install_lib
[0.996s] copying /home/alexandra.bacula/turtlebot4_ws/build/lab2_pkg/build/lib/lab2_pkg/lab2_test.py -> /home/alexandra.bacula/turtlebot4_ws/install/lab2_pkg/lib/python3.10/site-packages/lab2_pkg
[0.997s] byte-compiling /home/alexandra.bacula/turtlebot4_ws/install/lab2_pkg/lib/python3.10/site-packages/lab2_pkg/lab2_test.py to lab2_test.cpython-310.pyc
[0.999s] running install_data
[0.999s] running install_egg_info
[1.001s] removing '/home/alexandra.bacula/turtlebot4_ws/install/lab2_pkg/lib/python3.10/site-packages/lab2_pkg-0.0.0-py3.10.egg-info' (and everything under it)
[1.001s] Copying ../../build/lab2_pkg/lab2_pkg.egg-info to /home/alexandra.bacula/turtlebot4_ws/install/lab2_pkg/lib/python3.10/site-packages/lab2_pkg-0.0.0-py3.10.egg-info
[1.002s] running install_scripts
[1.018s] Installing lab2_test_node script to /home/alexandra.bacula/turtlebot4_ws/install/lab2_pkg/lib/lab2_pkg
[1.018s] writing list of installed files to '/home/alexandra.bacula/turtlebot4_ws/build/lab2_pkg/install.log'
[1.039s] Invoked command in '/home/alexandra.bacula/turtlebot4_ws/src/lab2_pkg' returned '0': PYTHONPATH=/home/alexandra.bacula/turtlebot4_ws/build/lab2_pkg/prefix_override:/usr/lib/python3/dist-packages/colcon_core/task/python/colcon_distutils_commands:/home/alexandra.bacula/turtlebot4_ws/install/lab2_pkg/lib/python3.10/site-packages:${PYTHONPATH} /usr/bin/python3 -W ignore:setup.py install is deprecated -W ignore:easy_install command is deprecated setup.py egg_info --egg-base ../../build/lab2_pkg build --build-base /home/alexandra.bacula/turtlebot4_ws/build/lab2_pkg/build install --record /home/alexandra.bacula/turtlebot4_ws/build/lab2_pkg/install.log --single-version-externally-managed install_data
