[1.885s] Invoking command in '/home/alexandra.bacula/turtlebot4_ws/src/lab2_pkg': PYTHONPATH=/home/alexandra.bacula/turtlebot4_ws/build/lab2_pkg/prefix_override:/usr/lib/python3/dist-packages/colcon_core/task/python/colcon_distutils_commands:/home/alexandra.bacula/turtlebot4_ws/install/lab2_pkg/lib/python3.10/site-packages:${PYTHONPATH} /usr/bin/python3 -W ignore:setup.py install is deprecated -W ignore:easy_install command is deprecated setup.py egg_info --egg-base ../../build/lab2_pkg build --build-base /home/alexandra.bacula/turtlebot4_ws/build/lab2_pkg/build install --record /home/alexandra.bacula/turtlebot4_ws/build/lab2_pkg/install.log --single-version-externally-managed install_data
[2.099s] running egg_info
[2.100s] creating ../../build/lab2_pkg/lab2_pkg.egg-info
[2.100s] writing ../../build/lab2_pkg/lab2_pkg.egg-info/PKG-INFO
[2.101s] writing dependency_links to ../../build/lab2_pkg/lab2_pkg.egg-info/dependency_links.txt
[2.101s] writing entry points to ../../build/lab2_pkg/lab2_pkg.egg-info/entry_points.txt
[2.101s] writing requirements to ../../build/lab2_pkg/lab2_pkg.egg-info/requires.txt
[2.102s] writing top-level names to ../../build/lab2_pkg/lab2_pkg.egg-info/top_level.txt
[2.102s] writing manifest file '../../build/lab2_pkg/lab2_pkg.egg-info/SOURCES.txt'
[2.104s] reading manifest file '../../build/lab2_pkg/lab2_pkg.egg-info/SOURCES.txt'
[2.104s] writing manifest file '../../build/lab2_pkg/lab2_pkg.egg-info/SOURCES.txt'
[2.104s] running build
[2.104s] running build_py
[2.105s] creating /home/alexandra.bacula/turtlebot4_ws/build/lab2_pkg/build
[2.105s] creating /home/alexandra.bacula/turtlebot4_ws/build/lab2_pkg/build/lib
[2.105s] creating /home/alexandra.bacula/turtlebot4_ws/build/lab2_pkg/build/lib/lab2_pkg
[2.105s] copying lab2_pkg/lab2_test.py -> /home/alexandra.bacula/turtlebot4_ws/build/lab2_pkg/build/lib/lab2_pkg
[2.105s] copying lab2_pkg/__init__.py -> /home/alexandra.bacula/turtlebot4_ws/build/lab2_pkg/build/lib/lab2_pkg
[2.105s] running install
[2.105s] running install_lib
[2.106s] creating /home/alexandra.bacula/turtlebot4_ws/install/lab2_pkg/lib/python3.10/site-packages/lab2_pkg
[2.106s] copying /home/alexandra.bacula/turtlebot4_ws/build/lab2_pkg/build/lib/lab2_pkg/lab2_test.py -> /home/alexandra.bacula/turtlebot4_ws/install/lab2_pkg/lib/python3.10/site-packages/lab2_pkg
[2.107s] copying /home/alexandra.bacula/turtlebot4_ws/build/lab2_pkg/build/lib/lab2_pkg/__init__.py -> /home/alexandra.bacula/turtlebot4_ws/install/lab2_pkg/lib/python3.10/site-packages/lab2_pkg
[2.107s] byte-compiling /home/alexandra.bacula/turtlebot4_ws/install/lab2_pkg/lib/python3.10/site-packages/lab2_pkg/lab2_test.py to lab2_test.cpython-310.pyc
[2.110s] byte-compiling /home/alexandra.bacula/turtlebot4_ws/install/lab2_pkg/lib/python3.10/site-packages/lab2_pkg/__init__.py to __init__.cpython-310.pyc
[2.110s] running install_data
[2.110s] creating /home/alexandra.bacula/turtlebot4_ws/install/lab2_pkg/share/ament_index
[2.110s] creating /home/alexandra.bacula/turtlebot4_ws/install/lab2_pkg/share/ament_index/resource_index
[2.110s] creating /home/alexandra.bacula/turtlebot4_ws/install/lab2_pkg/share/ament_index/resource_index/packages
[2.110s] copying resource/lab2_pkg -> /home/alexandra.bacula/turtlebot4_ws/install/lab2_pkg/share/ament_index/resource_index/packages
[2.111s] copying package.xml -> /home/alexandra.bacula/turtlebot4_ws/install/lab2_pkg/share/lab2_pkg
[2.111s] running install_egg_info
[2.112s] Copying ../../build/lab2_pkg/lab2_pkg.egg-info to /home/alexandra.bacula/turtlebot4_ws/install/lab2_pkg/lib/python3.10/site-packages/lab2_pkg-0.0.0-py3.10.egg-info
[2.114s] running install_scripts
[2.130s] Installing lab2_test_node script to /home/alexandra.bacula/turtlebot4_ws/install/lab2_pkg/lib/lab2_pkg
[2.130s] writing list of installed files to '/home/alexandra.bacula/turtlebot4_ws/build/lab2_pkg/install.log'
[2.237s] Invoked command in '/home/alexandra.bacula/turtlebot4_ws/src/lab2_pkg' returned '0': PYTHONPATH=/home/alexandra.bacula/turtlebot4_ws/build/lab2_pkg/prefix_override:/usr/lib/python3/dist-packages/colcon_core/task/python/colcon_distutils_commands:/home/alexandra.bacula/turtlebot4_ws/install/lab2_pkg/lib/python3.10/site-packages:${PYTHONPATH} /usr/bin/python3 -W ignore:setup.py install is deprecated -W ignore:easy_install command is deprecated setup.py egg_info --egg-base ../../build/lab2_pkg build --build-base /home/alexandra.bacula/turtlebot4_ws/build/lab2_pkg/build install --record /home/alexandra.bacula/turtlebot4_ws/build/lab2_pkg/install.log --single-version-externally-managed install_data
