[0.000000] (-) TimerEvent: {}
[0.000088] (lab1_pkg) JobQueued: {'identifier': 'lab1_pkg', 'dependencies': OrderedDict()}
[0.000109] (lab1_pkg) JobStarted: {'identifier': 'lab1_pkg'}
[0.099468] (-) TimerEvent: {}
[0.199679] (-) TimerEvent: {}
[0.299881] (-) TimerEvent: {}
[0.400054] (-) TimerEvent: {}
[0.500232] (-) TimerEvent: {}
[0.555531] (lab1_pkg) Command: {'cmd': ['/usr/bin/python3', '-W', 'ignore:setup.py install is deprecated', '-W', 'ignore:easy_install command is deprecated', 'setup.py', 'egg_info', '--egg-base', '../../build/lab1_pkg', 'build', '--build-base', '/home/alexandra.bacula/turtlebot4_ws/build/lab1_pkg/build', 'install', '--record', '/home/alexandra.bacula/turtlebot4_ws/build/lab1_pkg/install.log', '--single-version-externally-managed', 'install_data'], 'cwd': '/home/alexandra.bacula/turtlebot4_ws/src/lab1_pkg', 'env': {'USER': 'alexandra.bacula', 'XDG_SESSION_TYPE': 'wayland', 'SHLVL': '1', 'LD_LIBRARY_PATH': '/opt/ros/humble/opt/rviz_ogre_vendor/lib:/opt/ros/humble/lib/x86_64-linux-gnu:/opt/ros/humble/lib', 'OLDPWD': '/home/alexandra.bacula', 'HOME': '/home/alexandra.bacula', 'DESKTOP_SESSION': 'ubuntu', 'GTK_MODULES': 'gail:atk-bridge', 'GNOME_SHELL_SESSION_MODE': 'ubuntu', 'ROS_PYTHON_VERSION': '3', 'SYSTEMD_EXEC_PID': '99954', 'DBUS_SESSION_BUS_ADDRESS': 'unix:path=/run/user/481852695/bus', 'COLORTERM': 'truecolor', 'CONDA_CHANGEPS1': 'no', 'WAYLAND_DISPLAY': 'wayland-0', 'ROS_DISTRO': 'humble', 'COLCON_PREFIX_PATH': '/home/alexandra.bacula/turtlebot4_ws/install', 'LOGNAME': 'alexandra.bacula', '_': '/usr/bin/colcon', 'XDG_SESSION_CLASS': 'user', 'ROS_VERSION': '2', 'USERNAME': 'alexandra.bacula', 'TERM': 'xterm-256color', 'PROMPT_EOL_MARK': '', 'ROS_SUPER_CLIENT': 'True', 'GNOME_DESKTOP_SESSION_ID': 'this-is-deprecated', 'ROS_LOCALHOST_ONLY': '0', 'PATH': '/opt/ros/humble/bin:/usr/local/sbin:/usr/local/bin:/usr/sbin:/usr/bin:/sbin:/bin:/usr/games:/usr/local/games:/snap/bin:/snap/bin', 'SESSION_MANAGER': 'local/csci20142:@/tmp/.ICE-unix/99367,unix/csci20142:/tmp/.ICE-unix/99367', 'GNOME_TERMINAL_SCREEN': '/org/gnome/Terminal/screen/f6086a00_7e00_4b8b_aa58_c86dc6451680', 'XDG_MENU_PREFIX': 'gnome-', 'GNOME_SETUP_DISPLAY': ':1', 'XDG_RUNTIME_DIR': '/run/user/481852695', 'DISPLAY': ':0', 'LANG': 'en_US.UTF-8', 'XDG_CURRENT_DESKTOP': 'ubuntu:GNOME', 'RMW_IMPLEMENTATION': 'rmw_fastrtps_cpp', 'XDG_SESSION_DESKTOP': 'ubuntu', 'GNOME_TERMINAL_SERVICE': ':1.105', 'XMODIFIERS': '@im=ibus', 'XAUTHORITY': '/run/user/481852695/.mutter-Xwaylandauth.GDKT12', 'SSH_AUTH_SOCK': '/run/user/481852695/keyring/ssh', 'SSH_AGENT_LAUNCHER': 'gnome-keyring', 'AMENT_PREFIX_PATH': '/home/alexandra.bacula/turtlebot4_ws/install/lab1_pkg:/opt/ros/humble', 'ROS_DOMAIN_ID': '1', 'KRB5CCNAME': 'FILE:/tmp/krb5cc_481852695_aVbVUo', 'SHELL': '/bin/zsh', 'ROS_DISCOVERY_SERVER': '10.5.112.168:11811', 'QT_ACCESSIBILITY': '1', 'GDMSESSION': 'ubuntu', 'QT_IM_MODULE': 'ibus', 'PWD': '/home/alexandra.bacula/turtlebot4_ws/build/lab1_pkg', 'XDG_DATA_DIRS': '/usr/local/share/:/usr/share/:/var/lib/snapd/desktop', 'VIRTUAL_ENV_DISABLE_PROMPT': '12', 'PYTHONPATH': '/home/alexandra.bacula/turtlebot4_ws/build/lab1_pkg/prefix_override:/usr/lib/python3/dist-packages/colcon_core/task/python/colcon_distutils_commands:/home/alexandra.bacula/turtlebot4_ws/install/lab1_pkg/lib/python3.10/site-packages:/home/alexandra.bacula/turtlebot4_ws/install/lab1_pkg/lib/python3.10/site-packages:/opt/ros/humble/lib/python3.10/site-packages:/opt/ros/humble/local/lib/python3.10/dist-packages', 'COLCON': '1', 'VTE_VERSION': '6800'}, 'shell': False}
[0.600304] (-) TimerEvent: {}
[0.700504] (-) TimerEvent: {}
[0.779026] (lab1_pkg) StdoutLine: {'line': b'running egg_info\n'}
[0.779559] (lab1_pkg) StdoutLine: {'line': b'writing ../../build/lab1_pkg/lab1_pkg.egg-info/PKG-INFO\n'}
[0.779645] (lab1_pkg) StdoutLine: {'line': b'writing dependency_links to ../../build/lab1_pkg/lab1_pkg.egg-info/dependency_links.txt\n'}
[0.779893] (lab1_pkg) StdoutLine: {'line': b'writing entry points to ../../build/lab1_pkg/lab1_pkg.egg-info/entry_points.txt\n'}
[0.780051] (lab1_pkg) StdoutLine: {'line': b'writing requirements to ../../build/lab1_pkg/lab1_pkg.egg-info/requires.txt\n'}
[0.780184] (lab1_pkg) StdoutLine: {'line': b'writing top-level names to ../../build/lab1_pkg/lab1_pkg.egg-info/top_level.txt\n'}
[0.781388] (lab1_pkg) StdoutLine: {'line': b"reading manifest file '../../build/lab1_pkg/lab1_pkg.egg-info/SOURCES.txt'\n"}
[0.782087] (lab1_pkg) StdoutLine: {'line': b"writing manifest file '../../build/lab1_pkg/lab1_pkg.egg-info/SOURCES.txt'\n"}
[0.782243] (lab1_pkg) StdoutLine: {'line': b'running build\n'}
[0.782328] (lab1_pkg) StdoutLine: {'line': b'running build_py\n'}
[0.782381] (lab1_pkg) StdoutLine: {'line': b'copying lab1_pkg/speed_behavior.py -> /home/alexandra.bacula/turtlebot4_ws/build/lab1_pkg/build/lib/lab1_pkg\n'}
[0.782502] (lab1_pkg) StdoutLine: {'line': b'running install\n'}
[0.782715] (lab1_pkg) StdoutLine: {'line': b'running install_lib\n'}
[0.783381] (lab1_pkg) StdoutLine: {'line': b'copying /home/alexandra.bacula/turtlebot4_ws/build/lab1_pkg/build/lib/lab1_pkg/speed_behavior.py -> /home/alexandra.bacula/turtlebot4_ws/install/lab1_pkg/lib/python3.10/site-packages/lab1_pkg\n'}
[0.784201] (lab1_pkg) StdoutLine: {'line': b'byte-compiling /home/alexandra.bacula/turtlebot4_ws/install/lab1_pkg/lib/python3.10/site-packages/lab1_pkg/speed_behavior.py to speed_behavior.cpython-310.pyc\n'}
[0.786508] (lab1_pkg) StdoutLine: {'line': b'running install_data\n'}
[0.786597] (lab1_pkg) StdoutLine: {'line': b'running install_egg_info\n'}
[0.787887] (lab1_pkg) StdoutLine: {'line': b"removing '/home/alexandra.bacula/turtlebot4_ws/install/lab1_pkg/lib/python3.10/site-packages/lab1_pkg-0.0.0-py3.10.egg-info' (and everything under it)\n"}
[0.788041] (lab1_pkg) StdoutLine: {'line': b'Copying ../../build/lab1_pkg/lab1_pkg.egg-info to /home/alexandra.bacula/turtlebot4_ws/install/lab1_pkg/lib/python3.10/site-packages/lab1_pkg-0.0.0-py3.10.egg-info\n'}
[0.789281] (lab1_pkg) StdoutLine: {'line': b'running install_scripts\n'}
[0.800598] (-) TimerEvent: {}
[0.804986] (lab1_pkg) StdoutLine: {'line': b'Installing speed_behavior_node script to /home/alexandra.bacula/turtlebot4_ws/install/lab1_pkg/lib/lab1_pkg\n'}
[0.805284] (lab1_pkg) StdoutLine: {'line': b"writing list of installed files to '/home/alexandra.bacula/turtlebot4_ws/build/lab1_pkg/install.log'\n"}
[0.819274] (lab1_pkg) CommandEnded: {'returncode': 0}
[0.828057] (lab1_pkg) JobEnded: {'identifier': 'lab1_pkg', 'rc': 0}
[0.828676] (-) EventReactorShutdown: {}
