[0.798s] Invoking command in '/home/alexandra.bacula/turtlebot4_ws/src/lab1_pkg': PYTHONPATH=/home/alexandra.bacula/turtlebot4_ws/build/lab1_pkg/prefix_override:/usr/lib/python3/dist-packages/colcon_core/task/python/colcon_distutils_commands:/home/alexandra.bacula/turtlebot4_ws/install/lab1_pkg/lib/python3.10/site-packages:${PYTHONPATH} /usr/bin/python3 -W ignore:setup.py install is deprecated -W ignore:easy_install command is deprecated setup.py egg_info --egg-base ../../build/lab1_pkg build --build-base /home/alexandra.bacula/turtlebot4_ws/build/lab1_pkg/build install --record /home/alexandra.bacula/turtlebot4_ws/build/lab1_pkg/install.log --single-version-externally-managed install_data
[1.007s] running egg_info
[1.008s] writing ../../build/lab1_pkg/lab1_pkg.egg-info/PKG-INFO
[1.008s] writing dependency_links to ../../build/lab1_pkg/lab1_pkg.egg-info/dependency_links.txt
[1.008s] writing entry points to ../../build/lab1_pkg/lab1_pkg.egg-info/entry_points.txt
[1.008s] writing requirements to ../../build/lab1_pkg/lab1_pkg.egg-info/requires.txt
[1.009s] writing top-level names to ../../build/lab1_pkg/lab1_pkg.egg-info/top_level.txt
[1.011s] reading manifest file '../../build/lab1_pkg/lab1_pkg.egg-info/SOURCES.txt'
[1.011s] writing manifest file '../../build/lab1_pkg/lab1_pkg.egg-info/SOURCES.txt'
[1.011s] running build
[1.012s] running build_py
[1.012s] running install
[1.012s] running install_lib
[1.013s] running install_data
[1.013s] running install_egg_info
[1.015s] removing '/home/alexandra.bacula/turtlebot4_ws/install/lab1_pkg/lib/python3.10/site-packages/lab1_pkg-0.0.0-py3.10.egg-info' (and everything under it)
[1.016s] Copying ../../build/lab1_pkg/lab1_pkg.egg-info to /home/alexandra.bacula/turtlebot4_ws/install/lab1_pkg/lib/python3.10/site-packages/lab1_pkg-0.0.0-py3.10.egg-info
[1.017s] running install_scripts
[1.034s] Installing speed_behavior_node script to /home/alexandra.bacula/turtlebot4_ws/install/lab1_pkg/lib/lab1_pkg
[1.034s] writing list of installed files to '/home/alexandra.bacula/turtlebot4_ws/build/lab1_pkg/install.log'
[1.057s] Invoked command in '/home/alexandra.bacula/turtlebot4_ws/src/lab1_pkg' returned '0': PYTHONPATH=/home/alexandra.bacula/turtlebot4_ws/build/lab1_pkg/prefix_override:/usr/lib/python3/dist-packages/colcon_core/task/python/colcon_distutils_commands:/home/alexandra.bacula/turtlebot4_ws/install/lab1_pkg/lib/python3.10/site-packages:${PYTHONPATH} /usr/bin/python3 -W ignore:setup.py install is deprecated -W ignore:easy_install command is deprecated setup.py egg_info --egg-base ../../build/lab1_pkg build --build-base /home/alexandra.bacula/turtlebot4_ws/build/lab1_pkg/build install --record /home/alexandra.bacula/turtlebot4_ws/build/lab1_pkg/install.log --single-version-externally-managed install_data
