[0.000000] (-) TimerEvent: {}
[0.000136] (lab1_pkg) JobQueued: {'identifier': 'lab1_pkg', 'dependencies': OrderedDict()}
[0.000158] (lab1_pkg) JobStarted: {'identifier': 'lab1_pkg'}
[0.099478] (-) TimerEvent: {}
[0.199657] (-) TimerEvent: {}
[0.299866] (-) TimerEvent: {}
[0.400069] (-) TimerEvent: {}
[0.500311] (-) TimerEvent: {}
[0.600507] (-) TimerEvent: {}
[0.700692] (-) TimerEvent: {}
[0.800918] (-) TimerEvent: {}
[0.901135] (-) TimerEvent: {}
[1.001344] (-) TimerEvent: {}
[1.101521] (-) TimerEvent: {}
[1.201738] (-) TimerEvent: {}
[1.301957] (-) TimerEvent: {}
[1.402177] (-) TimerEvent: {}
[1.502330] (-) TimerEvent: {}
[1.602515] (-) TimerEvent: {}
[1.637895] (lab1_pkg) Command: {'cmd': ['/usr/bin/python3', '-W', 'ignore:setup.py install is deprecated', '-W', 'ignore:easy_install command is deprecated', 'setup.py', 'egg_info', '--egg-base', '../../build/lab1_pkg', 'build', '--build-base', '/home/alexandra.bacula/turtlebot4_ws/build/lab1_pkg/build', 'install', '--record', '/home/alexandra.bacula/turtlebot4_ws/build/lab1_pkg/install.log', '--single-version-externally-managed', 'install_data'], 'cwd': '/home/alexandra.bacula/turtlebot4_ws/src/lab1_pkg', 'env': {'USER': 'alexandra.bacula', 'XDG_SESSION_TYPE': 'wayland', 'SHLVL': '1', 'LD_LIBRARY_PATH': '/opt/ros/humble/opt/rviz_ogre_vendor/lib:/opt/ros/humble/lib/x86_64-linux-gnu:/opt/ros/humble/lib', 'OLDPWD': '/home/alexandra.bacula/turtlebot4_ws/src', 'HOME': '/home/alexandra.bacula', 'DESKTOP_SESSION': 'ubuntu', 'GTK_MODULES': 'gail:atk-bridge', 'GNOME_SHELL_SESSION_MODE': 'ubuntu', 'ROS_PYTHON_VERSION': '3', 'SYSTEMD_EXEC_PID': '99391', 'DBUS_SESSION_BUS_ADDRESS': 'unix:path=/run/user/481852695/bus', 'COLORTERM': 'truecolor', 'CONDA_CHANGEPS1': 'no', 'WAYLAND_DISPLAY': 'wayland-0', 'ROS_DISTRO': 'humble', 'COLCON_PREFIX_PATH': '/home/alexandra.bacula/turtlebot4_ws/install', 'LOGNAME': 'alexandra.bacula', '_': '/usr/bin/colcon', 'XDG_SESSION_CLASS': 'user', 'ROS_VERSION': '2', 'USERNAME': 'alexandra.bacula', 'TERM': 'xterm-256color', 'PROMPT_EOL_MARK': '', 'ROS_SUPER_CLIENT': 'True', 'GNOME_DESKTOP_SESSION_ID': 'this-is-deprecated', 'ROS_LOCALHOST_ONLY': '0', 'PATH': '/opt/ros/humble/bin:/usr/local/sbin:/usr/local/bin:/usr/sbin:/usr/bin:/sbin:/bin:/usr/games:/usr/local/games:/snap/bin:/snap/bin', 'SESSION_MANAGER': 'local/csci20142:@/tmp/.ICE-unix/99367,unix/csci20142:/tmp/.ICE-unix/99367', 'GNOME_TERMINAL_SCREEN': '/org/gnome/Terminal/screen/199eff06_d561_41c6_b313_6c55831ede06', 'XDG_MENU_PREFIX': 'gnome-', 'GNOME_SETUP_DISPLAY': ':1', 'XDG_RUNTIME_DIR': '/run/user/481852695', 'DISPLAY': ':0', 'LANG': 'en_US.UTF-8', 'XDG_CURRENT_DESKTOP': 'ubuntu:GNOME', 'RMW_IMPLEMENTATION': 'rmw_fastrtps_cpp', 'XDG_SESSION_DESKTOP': 'ubuntu', 'GNOME_TERMINAL_SERVICE': ':1.105', 'XMODIFIERS': '@im=ibus', 'XAUTHORITY': '/run/user/481852695/.mutter-Xwaylandauth.GDKT12', 'SSH_AUTH_SOCK': '/run/user/481852695/keyring/ssh', 'SSH_AGENT_LAUNCHER': 'gnome-keyring', 'AMENT_PREFIX_PATH': '/opt/ros/humble', 'ROS_DOMAIN_ID': '1', 'KRB5CCNAME': 'FILE:/tmp/krb5cc_481852695_aVbVUo', 'SHELL': '/bin/zsh', 'ROS_DISCOVERY_SERVER': '10.5.112.168:11811', 'QT_ACCESSIBILITY': '1', 'GDMSESSION': 'ubuntu', 'QT_IM_MODULE': 'ibus', 'PWD': '/home/alexandra.bacula/turtlebot4_ws/build/lab1_pkg', 'XDG_DATA_DIRS': '/usr/local/share/:/usr/share/:/var/lib/snapd/desktop', 'VIRTUAL_ENV_DISABLE_PROMPT': '12', 'PYTHONPATH': '/home/alexandra.bacula/turtlebot4_ws/build/lab1_pkg/prefix_override:/usr/lib/python3/dist-packages/colcon_core/task/python/colcon_distutils_commands:/home/alexandra.bacula/turtlebot4_ws/install/lab1_pkg/lib/python3.10/site-packages:/opt/ros/humble/lib/python3.10/site-packages:/opt/ros/humble/local/lib/python3.10/dist-packages', 'COLCON': '1', 'VTE_VERSION': '6800'}, 'shell': False}
[1.702597] (-) TimerEvent: {}
[1.802791] (-) TimerEvent: {}
[1.866910] (lab1_pkg) StdoutLine: {'line': b'running egg_info\n'}
[1.867396] (lab1_pkg) StdoutLine: {'line': b'creating ../../build/lab1_pkg/lab1_pkg.egg-info\n'}
[1.867530] (lab1_pkg) StdoutLine: {'line': b'writing ../../build/lab1_pkg/lab1_pkg.egg-info/PKG-INFO\n'}
[1.868205] (lab1_pkg) StdoutLine: {'line': b'writing dependency_links to ../../build/lab1_pkg/lab1_pkg.egg-info/dependency_links.txt\n'}
[1.868507] (lab1_pkg) StdoutLine: {'line': b'writing entry points to ../../build/lab1_pkg/lab1_pkg.egg-info/entry_points.txt\n'}
[1.868796] (lab1_pkg) StdoutLine: {'line': b'writing requirements to ../../build/lab1_pkg/lab1_pkg.egg-info/requires.txt\n'}
[1.869082] (lab1_pkg) StdoutLine: {'line': b'writing top-level names to ../../build/lab1_pkg/lab1_pkg.egg-info/top_level.txt\n'}
[1.869469] (lab1_pkg) StdoutLine: {'line': b"writing manifest file '../../build/lab1_pkg/lab1_pkg.egg-info/SOURCES.txt'\n"}
[1.870760] (lab1_pkg) StdoutLine: {'line': b"reading manifest file '../../build/lab1_pkg/lab1_pkg.egg-info/SOURCES.txt'\n"}
[1.871260] (lab1_pkg) StdoutLine: {'line': b"writing manifest file '../../build/lab1_pkg/lab1_pkg.egg-info/SOURCES.txt'\n"}
[1.871370] (lab1_pkg) StdoutLine: {'line': b'running build\n'}
[1.871416] (lab1_pkg) StdoutLine: {'line': b'running build_py\n'}
[1.871524] (lab1_pkg) StdoutLine: {'line': b'creating /home/alexandra.bacula/turtlebot4_ws/build/lab1_pkg/build\n'}
[1.871569] (lab1_pkg) StdoutLine: {'line': b'creating /home/alexandra.bacula/turtlebot4_ws/build/lab1_pkg/build/lib\n'}
[1.871639] (lab1_pkg) StdoutLine: {'line': b'creating /home/alexandra.bacula/turtlebot4_ws/build/lab1_pkg/build/lib/lab1_pkg\n'}
[1.871688] (lab1_pkg) StdoutLine: {'line': b'copying lab1_pkg/__init__.py -> /home/alexandra.bacula/turtlebot4_ws/build/lab1_pkg/build/lib/lab1_pkg\n'}
[1.871830] (lab1_pkg) StdoutLine: {'line': b'running install\n'}
[1.872058] (lab1_pkg) StdoutLine: {'line': b'running install_lib\n'}
[1.872594] (lab1_pkg) StdoutLine: {'line': b'creating /home/alexandra.bacula/turtlebot4_ws/install/lab1_pkg/lib/python3.10/site-packages/lab1_pkg\n'}
[1.872651] (lab1_pkg) StdoutLine: {'line': b'copying /home/alexandra.bacula/turtlebot4_ws/build/lab1_pkg/build/lib/lab1_pkg/__init__.py -> /home/alexandra.bacula/turtlebot4_ws/install/lab1_pkg/lib/python3.10/site-packages/lab1_pkg\n'}
[1.873203] (lab1_pkg) StdoutLine: {'line': b'byte-compiling /home/alexandra.bacula/turtlebot4_ws/install/lab1_pkg/lib/python3.10/site-packages/lab1_pkg/__init__.py to __init__.cpython-310.pyc\n'}
[1.873514] (lab1_pkg) StdoutLine: {'line': b'running install_data\n'}
[1.873576] (lab1_pkg) StdoutLine: {'line': b'creating /home/alexandra.bacula/turtlebot4_ws/install/lab1_pkg/share/ament_index\n'}
[1.873640] (lab1_pkg) StdoutLine: {'line': b'creating /home/alexandra.bacula/turtlebot4_ws/install/lab1_pkg/share/ament_index/resource_index\n'}
[1.873686] (lab1_pkg) StdoutLine: {'line': b'creating /home/alexandra.bacula/turtlebot4_ws/install/lab1_pkg/share/ament_index/resource_index/packages\n'}
[1.873742] (lab1_pkg) StdoutLine: {'line': b'copying resource/lab1_pkg -> /home/alexandra.bacula/turtlebot4_ws/install/lab1_pkg/share/ament_index/resource_index/packages\n'}
[1.873929] (lab1_pkg) StdoutLine: {'line': b'copying package.xml -> /home/alexandra.bacula/turtlebot4_ws/install/lab1_pkg/share/lab1_pkg\n'}
[1.874225] (lab1_pkg) StdoutLine: {'line': b'running install_egg_info\n'}
[1.876144] (lab1_pkg) StdoutLine: {'line': b'Copying ../../build/lab1_pkg/lab1_pkg.egg-info to /home/alexandra.bacula/turtlebot4_ws/install/lab1_pkg/lib/python3.10/site-packages/lab1_pkg-0.0.0-py3.10.egg-info\n'}
[1.878320] (lab1_pkg) StdoutLine: {'line': b'running install_scripts\n'}
[1.893283] (lab1_pkg) StdoutLine: {'line': b"writing list of installed files to '/home/alexandra.bacula/turtlebot4_ws/build/lab1_pkg/install.log'\n"}
[1.902872] (-) TimerEvent: {}
[1.907342] (lab1_pkg) CommandEnded: {'returncode': 0}
[1.940439] (lab1_pkg) JobEnded: {'identifier': 'lab1_pkg', 'rc': 0}
[1.941172] (-) EventReactorShutdown: {}
