[0.000000] (-) TimerEvent: {}
[0.000185] (lab1_pkg) JobQueued: {'identifier': 'lab1_pkg', 'dependencies': OrderedDict()}
[0.000223] (lab2_pkg) JobQueued: {'identifier': 'lab2_pkg', 'dependencies': OrderedDict()}
[0.000240] (lab1_pkg) JobStarted: {'identifier': 'lab1_pkg'}
[0.006860] (lab2_pkg) JobStarted: {'identifier': 'lab2_pkg'}
[0.099435] (-) TimerEvent: {}
[0.199632] (-) TimerEvent: {}
[0.299851] (-) TimerEvent: {}
[0.400042] (-) TimerEvent: {}
[0.500227] (-) TimerEvent: {}
[0.600415] (-) TimerEvent: {}
[0.700638] (-) TimerEvent: {}
[0.795941] (lab1_pkg) Command: {'cmd': ['/usr/bin/python3', '-W', 'ignore:setup.py install is deprecated', '-W', 'ignore:easy_install command is deprecated', 'setup.py', 'egg_info', '--egg-base', '../../build/lab1_pkg', 'build', '--build-base', '/home/alexandra.bacula/turtlebot4_ws/build/lab1_pkg/build', 'install', '--record', '/home/alexandra.bacula/turtlebot4_ws/build/lab1_pkg/install.log', '--single-version-externally-managed', 'install_data'], 'cwd': '/home/alexandra.bacula/turtlebot4_ws/src/lab1_pkg', 'env': {'USER': 'alexandra.bacula', 'XDG_SESSION_TYPE': 'wayland', 'SHLVL': '1', 'LD_LIBRARY_PATH': '/opt/ros/humble/opt/rviz_ogre_vendor/lib:/opt/ros/humble/lib/x86_64-linux-gnu:/opt/ros/humble/lib', 'OLDPWD': '/home/alexandra.bacula/turtlebot4_ws/src/lab2_pkg/lab2_pkg', 'HOME': '/home/alexandra.bacula', 'DESKTOP_SESSION': 'ubuntu', 'GTK_MODULES': 'gail:atk-bridge', 'GNOME_SHELL_SESSION_MODE': 'ubuntu', 'ROS_PYTHON_VERSION': '3', 'SYSTEMD_EXEC_PID': '103682', 'DBUS_SESSION_BUS_ADDRESS': 'unix:path=/run/user/481852695/bus', 'COLORTERM': 'truecolor', 'CONDA_CHANGEPS1': 'no', 'WAYLAND_DISPLAY': 'wayland-0', 'ROS_DISTRO': 'humble', 'COLCON_PREFIX_PATH': '/home/alexandra.bacula/turtlebot4_ws/install', 'LOGNAME': 'alexandra.bacula', '_': '/usr/bin/colcon', 'XDG_SESSION_CLASS': 'user', 'ROS_VERSION': '2', 'USERNAME': 'alexandra.bacula', 'TERM': 'xterm-256color', 'PROMPT_EOL_MARK': '', 'ROS_SUPER_CLIENT': 'True', 'GNOME_DESKTOP_SESSION_ID': 'this-is-deprecated', 'ROS_LOCALHOST_ONLY': '0', 'PATH': '/opt/ros/humble/bin:/usr/local/sbin:/usr/local/bin:/usr/sbin:/usr/bin:/sbin:/bin:/usr/games:/usr/local/games:/snap/bin:/snap/bin', 'SESSION_MANAGER': 'local/csci20142:@/tmp/.ICE-unix/101126,unix/csci20142:/tmp/.ICE-unix/101126', 'GNOME_TERMINAL_SCREEN': '/org/gnome/Terminal/screen/b45a2a01_8b4d_4ed3_9566_8f92f3e6ebbb', 'XDG_MENU_PREFIX': 'gnome-', 'GNOME_SETUP_DISPLAY': ':1', 'XDG_RUNTIME_DIR': '/run/user/481852695', 'DISPLAY': ':0', 'LANG': 'en_US.UTF-8', 'XDG_CURRENT_DESKTOP': 'ubuntu:GNOME', 'RMW_IMPLEMENTATION': 'rmw_fastrtps_cpp', 'XDG_SESSION_DESKTOP': 'ubuntu', 'GNOME_TERMINAL_SERVICE': ':1.125', 'XMODIFIERS': '@im=ibus', 'XAUTHORITY': '/run/user/481852695/.mutter-Xwaylandauth.9O7K22', 'SSH_AUTH_SOCK': '/run/user/481852695/keyring/ssh', 'SSH_AGENT_LAUNCHER': 'gnome-keyring', 'AMENT_PREFIX_PATH': '/home/alexandra.bacula/turtlebot4_ws/install/lab2_pkg:/home/alexandra.bacula/turtlebot4_ws/install/lab1_pkg:/opt/ros/humble', 'ROS_DOMAIN_ID': '1', 'KRB5CCNAME': 'FILE:/tmp/krb5cc_481852695_l6Ww4a', 'SHELL': '/bin/zsh', 'ROS_DISCOVERY_SERVER': '10.5.112.149:11811', 'QT_ACCESSIBILITY': '1', 'GDMSESSION': 'ubuntu', 'QT_IM_MODULE': 'ibus', 'PWD': '/home/alexandra.bacula/turtlebot4_ws/build/lab1_pkg', 'XDG_DATA_DIRS': '/usr/local/share/:/usr/share/:/var/lib/snapd/desktop', 'VIRTUAL_ENV_DISABLE_PROMPT': '12', 'PYTHONPATH': '/home/alexandra.bacula/turtlebot4_ws/build/lab1_pkg/prefix_override:/usr/lib/python3/dist-packages/colcon_core/task/python/colcon_distutils_commands:/home/alexandra.bacula/turtlebot4_ws/install/lab1_pkg/lib/python3.10/site-packages:/home/alexandra.bacula/turtlebot4_ws/install/lab2_pkg/lib/python3.10/site-packages:/home/alexandra.bacula/turtlebot4_ws/install/lab1_pkg/lib/python3.10/site-packages:/opt/ros/humble/lib/python3.10/site-packages:/opt/ros/humble/local/lib/python3.10/dist-packages', 'COLCON': '1', 'VTE_VERSION': '6800'}, 'shell': False}
[0.798584] (lab2_pkg) Command: {'cmd': ['/usr/bin/python3', '-W', 'ignore:setup.py install is deprecated', '-W', 'ignore:easy_install command is deprecated', 'setup.py', 'egg_info', '--egg-base', '../../build/lab2_pkg', 'build', '--build-base', '/home/alexandra.bacula/turtlebot4_ws/build/lab2_pkg/build', 'install', '--record', '/home/alexandra.bacula/turtlebot4_ws/build/lab2_pkg/install.log', '--single-version-externally-managed', 'install_data'], 'cwd': '/home/alexandra.bacula/turtlebot4_ws/src/lab2_pkg', 'env': {'USER': 'alexandra.bacula', 'XDG_SESSION_TYPE': 'wayland', 'SHLVL': '1', 'LD_LIBRARY_PATH': '/opt/ros/humble/opt/rviz_ogre_vendor/lib:/opt/ros/humble/lib/x86_64-linux-gnu:/opt/ros/humble/lib', 'OLDPWD': '/home/alexandra.bacula/turtlebot4_ws/src/lab2_pkg/lab2_pkg', 'HOME': '/home/alexandra.bacula', 'DESKTOP_SESSION': 'ubuntu', 'GTK_MODULES': 'gail:atk-bridge', 'GNOME_SHELL_SESSION_MODE': 'ubuntu', 'ROS_PYTHON_VERSION': '3', 'SYSTEMD_EXEC_PID': '103682', 'DBUS_SESSION_BUS_ADDRESS': 'unix:path=/run/user/481852695/bus', 'COLORTERM': 'truecolor', 'CONDA_CHANGEPS1': 'no', 'WAYLAND_DISPLAY': 'wayland-0', 'ROS_DISTRO': 'humble', 'COLCON_PREFIX_PATH': '/home/alexandra.bacula/turtlebot4_ws/install', 'LOGNAME': 'alexandra.bacula', '_': '/usr/bin/colcon', 'XDG_SESSION_CLASS': 'user', 'ROS_VERSION': '2', 'USERNAME': 'alexandra.bacula', 'TERM': 'xterm-256color', 'PROMPT_EOL_MARK': '', 'ROS_SUPER_CLIENT': 'True', 'GNOME_DESKTOP_SESSION_ID': 'this-is-deprecated', 'ROS_LOCALHOST_ONLY': '0', 'PATH': '/opt/ros/humble/bin:/usr/local/sbin:/usr/local/bin:/usr/sbin:/usr/bin:/sbin:/bin:/usr/games:/usr/local/games:/snap/bin:/snap/bin', 'SESSION_MANAGER': 'local/csci20142:@/tmp/.ICE-unix/101126,unix/csci20142:/tmp/.ICE-unix/101126', 'GNOME_TERMINAL_SCREEN': '/org/gnome/Terminal/screen/b45a2a01_8b4d_4ed3_9566_8f92f3e6ebbb', 'XDG_MENU_PREFIX': 'gnome-', 'GNOME_SETUP_DISPLAY': ':1', 'XDG_RUNTIME_DIR': '/run/user/481852695', 'DISPLAY': ':0', 'LANG': 'en_US.UTF-8', 'XDG_CURRENT_DESKTOP': 'ubuntu:GNOME', 'RMW_IMPLEMENTATION': 'rmw_fastrtps_cpp', 'XDG_SESSION_DESKTOP': 'ubuntu', 'GNOME_TERMINAL_SERVICE': ':1.125', 'XMODIFIERS': '@im=ibus', 'XAUTHORITY': '/run/user/481852695/.mutter-Xwaylandauth.9O7K22', 'SSH_AUTH_SOCK': '/run/user/481852695/keyring/ssh', 'SSH_AGENT_LAUNCHER': 'gnome-keyring', 'AMENT_PREFIX_PATH': '/home/alexandra.bacula/turtlebot4_ws/install/lab2_pkg:/home/alexandra.bacula/turtlebot4_ws/install/lab1_pkg:/opt/ros/humble', 'ROS_DOMAIN_ID': '1', 'KRB5CCNAME': 'FILE:/tmp/krb5cc_481852695_l6Ww4a', 'SHELL': '/bin/zsh', 'ROS_DISCOVERY_SERVER': '10.5.112.149:11811', 'QT_ACCESSIBILITY': '1', 'GDMSESSION': 'ubuntu', 'QT_IM_MODULE': 'ibus', 'PWD': '/home/alexandra.bacula/turtlebot4_ws/build/lab2_pkg', 'XDG_DATA_DIRS': '/usr/local/share/:/usr/share/:/var/lib/snapd/desktop', 'VIRTUAL_ENV_DISABLE_PROMPT': '12', 'PYTHONPATH': '/home/alexandra.bacula/turtlebot4_ws/build/lab2_pkg/prefix_override:/usr/lib/python3/dist-packages/colcon_core/task/python/colcon_distutils_commands:/home/alexandra.bacula/turtlebot4_ws/install/lab2_pkg/lib/python3.10/site-packages:/home/alexandra.bacula/turtlebot4_ws/install/lab2_pkg/lib/python3.10/site-packages:/home/alexandra.bacula/turtlebot4_ws/install/lab1_pkg/lib/python3.10/site-packages:/opt/ros/humble/lib/python3.10/site-packages:/opt/ros/humble/local/lib/python3.10/dist-packages', 'COLCON': '1', 'VTE_VERSION': '6800'}, 'shell': False}
[0.800679] (-) TimerEvent: {}
[0.900836] (-) TimerEvent: {}
[1.001037] (-) TimerEvent: {}
[1.007639] (lab1_pkg) StdoutLine: {'line': b'running egg_info\n'}
[1.008186] (lab1_pkg) StdoutLine: {'line': b'writing ../../build/lab1_pkg/lab1_pkg.egg-info/PKG-INFO\n'}
[1.008397] (lab1_pkg) StdoutLine: {'line': b'writing dependency_links to ../../build/lab1_pkg/lab1_pkg.egg-info/dependency_links.txt\n'}
[1.008564] (lab1_pkg) StdoutLine: {'line': b'writing entry points to ../../build/lab1_pkg/lab1_pkg.egg-info/entry_points.txt\n'}
[1.008672] (lab1_pkg) StdoutLine: {'line': b'writing requirements to ../../build/lab1_pkg/lab1_pkg.egg-info/requires.txt\n'}
[1.008766] (lab1_pkg) StdoutLine: {'line': b'writing top-level names to ../../build/lab1_pkg/lab1_pkg.egg-info/top_level.txt\n'}
[1.010853] (lab1_pkg) StdoutLine: {'line': b"reading manifest file '../../build/lab1_pkg/lab1_pkg.egg-info/SOURCES.txt'\n"}
[1.011494] (lab1_pkg) StdoutLine: {'line': b"writing manifest file '../../build/lab1_pkg/lab1_pkg.egg-info/SOURCES.txt'\n"}
[1.011640] (lab1_pkg) StdoutLine: {'line': b'running build\n'}
[1.011716] (lab1_pkg) StdoutLine: {'line': b'running build_py\n'}
[1.011917] (lab1_pkg) StdoutLine: {'line': b'running install\n'}
[1.012157] (lab1_pkg) StdoutLine: {'line': b'running install_lib\n'}
[1.013279] (lab1_pkg) StdoutLine: {'line': b'running install_data\n'}
[1.013358] (lab1_pkg) StdoutLine: {'line': b'running install_egg_info\n'}
[1.014047] (lab2_pkg) StdoutLine: {'line': b'running egg_info\n'}
[1.014764] (lab2_pkg) StdoutLine: {'line': b'writing ../../build/lab2_pkg/lab2_pkg.egg-info/PKG-INFO\n'}
[1.014962] (lab2_pkg) StdoutLine: {'line': b'writing dependency_links to ../../build/lab2_pkg/lab2_pkg.egg-info/dependency_links.txt\n'}
[1.015101] (lab2_pkg) StdoutLine: {'line': b'writing entry points to ../../build/lab2_pkg/lab2_pkg.egg-info/entry_points.txt\n'}
[1.015221] (lab2_pkg) StdoutLine: {'line': b'writing requirements to ../../build/lab2_pkg/lab2_pkg.egg-info/requires.txt\n'}
[1.015309] (lab2_pkg) StdoutLine: {'line': b'writing top-level names to ../../build/lab2_pkg/lab2_pkg.egg-info/top_level.txt\n'}
[1.015671] (lab1_pkg) StdoutLine: {'line': b"removing '/home/alexandra.bacula/turtlebot4_ws/install/lab1_pkg/lib/python3.10/site-packages/lab1_pkg-0.0.0-py3.10.egg-info' (and everything under it)\n"}
[1.015874] (lab1_pkg) StdoutLine: {'line': b'Copying ../../build/lab1_pkg/lab1_pkg.egg-info to /home/alexandra.bacula/turtlebot4_ws/install/lab1_pkg/lib/python3.10/site-packages/lab1_pkg-0.0.0-py3.10.egg-info\n'}
[1.016704] (lab2_pkg) StdoutLine: {'line': b"reading manifest file '../../build/lab2_pkg/lab2_pkg.egg-info/SOURCES.txt'\n"}
[1.016938] (lab1_pkg) StdoutLine: {'line': b'running install_scripts\n'}
[1.017447] (lab2_pkg) StdoutLine: {'line': b"writing manifest file '../../build/lab2_pkg/lab2_pkg.egg-info/SOURCES.txt'\n"}
[1.017573] (lab2_pkg) StdoutLine: {'line': b'running build\n'}
[1.017683] (lab2_pkg) StdoutLine: {'line': b'running build_py\n'}
[1.017759] (lab2_pkg) StdoutLine: {'line': b'copying lab2_pkg/scan_testing.py -> /home/alexandra.bacula/turtlebot4_ws/build/lab2_pkg/build/lib/lab2_pkg\n'}
[1.017946] (lab2_pkg) StdoutLine: {'line': b'running install\n'}
[1.018187] (lab2_pkg) StdoutLine: {'line': b'running install_lib\n'}
[1.018783] (lab2_pkg) StdoutLine: {'line': b'copying /home/alexandra.bacula/turtlebot4_ws/build/lab2_pkg/build/lib/lab2_pkg/scan_testing.py -> /home/alexandra.bacula/turtlebot4_ws/install/lab2_pkg/lib/python3.10/site-packages/lab2_pkg\n'}
[1.019605] (lab2_pkg) StdoutLine: {'line': b'byte-compiling /home/alexandra.bacula/turtlebot4_ws/install/lab2_pkg/lib/python3.10/site-packages/lab2_pkg/scan_testing.py to scan_testing.cpython-310.pyc\n'}
[1.021967] (lab2_pkg) StdoutLine: {'line': b'running install_data\n'}
[1.022058] (lab2_pkg) StdoutLine: {'line': b'running install_egg_info\n'}
[1.023331] (lab2_pkg) StdoutLine: {'line': b"removing '/home/alexandra.bacula/turtlebot4_ws/install/lab2_pkg/lib/python3.10/site-packages/lab2_pkg-0.0.0-py3.10.egg-info' (and everything under it)\n"}
[1.023527] (lab2_pkg) StdoutLine: {'line': b'Copying ../../build/lab2_pkg/lab2_pkg.egg-info to /home/alexandra.bacula/turtlebot4_ws/install/lab2_pkg/lib/python3.10/site-packages/lab2_pkg-0.0.0-py3.10.egg-info\n'}
[1.024693] (lab2_pkg) StdoutLine: {'line': b'running install_scripts\n'}
[1.034045] (lab1_pkg) StdoutLine: {'line': b'Installing speed_behavior_node script to /home/alexandra.bacula/turtlebot4_ws/install/lab1_pkg/lib/lab1_pkg\n'}
[1.034344] (lab1_pkg) StdoutLine: {'line': b"writing list of installed files to '/home/alexandra.bacula/turtlebot4_ws/build/lab1_pkg/install.log'\n"}
[1.043214] (lab2_pkg) StdoutLine: {'line': b'Installing lab2_test_node script to /home/alexandra.bacula/turtlebot4_ws/install/lab2_pkg/lib/lab2_pkg\n'}
[1.043633] (lab2_pkg) StdoutLine: {'line': b'Installing scan_test_node script to /home/alexandra.bacula/turtlebot4_ws/install/lab2_pkg/lib/lab2_pkg\n'}
[1.044196] (lab2_pkg) StdoutLine: {'line': b"writing list of installed files to '/home/alexandra.bacula/turtlebot4_ws/build/lab2_pkg/install.log'\n"}
[1.056908] (lab1_pkg) CommandEnded: {'returncode': 0}
[1.067384] (lab1_pkg) JobEnded: {'identifier': 'lab1_pkg', 'rc': 0}
[1.069782] (lab2_pkg) CommandEnded: {'returncode': 0}
[1.075377] (lab2_pkg) JobEnded: {'identifier': 'lab2_pkg', 'rc': 0}
[1.076579] (-) EventReactorShutdown: {}
