running egg_info
writing ../../build/lab2_pkg/lab2_pkg.egg-info/PKG-INFO
writing dependency_links to ../../build/lab2_pkg/lab2_pkg.egg-info/dependency_links.txt
writing entry points to ../../build/lab2_pkg/lab2_pkg.egg-info/entry_points.txt
writing requirements to ../../build/lab2_pkg/lab2_pkg.egg-info/requires.txt
writing top-level names to ../../build/lab2_pkg/lab2_pkg.egg-info/top_level.txt
reading manifest file '../../build/lab2_pkg/lab2_pkg.egg-info/SOURCES.txt'
writing manifest file '../../build/lab2_pkg/lab2_pkg.egg-info/SOURCES.txt'
running build
running build_py
copying lab2_pkg/lab2_test.py -> /home/alexandra.bacula/turtlebot4_ws/build/lab2_pkg/build/lib/lab2_pkg
running install
running install_lib
copying /home/alexandra.bacula/turtlebot4_ws/build/lab2_pkg/build/lib/lab2_pkg/lab2_test.py -> /home/alexandra.bacula/turtlebot4_ws/install/lab2_pkg/lib/python3.10/site-packages/lab2_pkg
byte-compiling /home/alexandra.bacula/turtlebot4_ws/install/lab2_pkg/lib/python3.10/site-packages/lab2_pkg/lab2_test.py to lab2_test.cpython-310.pyc
running install_data
running install_egg_info
removing '/home/alexandra.bacula/turtlebot4_ws/install/lab2_pkg/lib/python3.10/site-packages/lab2_pkg-0.0.0-py3.10.egg-info' (and everything under it)
Copying ../../build/lab2_pkg/lab2_pkg.egg-info to /home/alexandra.bacula/turtlebot4_ws/install/lab2_pkg/lib/python3.10/site-packages/lab2_pkg-0.0.0-py3.10.egg-info
running install_scripts
Installing lab2_test_node script to /home/alexandra.bacula/turtlebot4_ws/install/lab2_pkg/lib/lab2_pkg
Installing scan_test_node script to /home/alexandra.bacula/turtlebot4_ws/install/lab2_pkg/lib/lab2_pkg
writing list of installed files to '/home/alexandra.bacula/turtlebot4_ws/build/lab2_pkg/install.log'
