[0.770s] Invoking command in '/home/alexandra.bacula/turtlebot4_ws/src/lab2_pkg': PYTHONPATH=/home/alexandra.bacula/turtlebot4_ws/build/lab2_pkg/prefix_override:/usr/lib/python3/dist-packages/colcon_core/task/python/colcon_distutils_commands:/home/alexandra.bacula/turtlebot4_ws/install/lab2_pkg/lib/python3.10/site-packages:${PYTHONPATH} /usr/bin/python3 -W ignore:setup.py install is deprecated -W ignore:easy_install command is deprecated setup.py egg_info --egg-base ../../build/lab2_pkg build --build-base /home/alexandra.bacula/turtlebot4_ws/build/lab2_pkg/build install --record /home/alexandra.bacula/turtlebot4_ws/build/lab2_pkg/install.log --single-version-externally-managed install_data
[0.972s] running egg_info
[0.973s] writing ../../build/lab2_pkg/lab2_pkg.egg-info/PKG-INFO
[0.973s] writing dependency_links to ../../build/lab2_pkg/lab2_pkg.egg-info/dependency_links.txt
[0.973s] writing entry points to ../../build/lab2_pkg/lab2_pkg.egg-info/entry_points.txt
[0.973s] writing requirements to ../../build/lab2_pkg/lab2_pkg.egg-info/requires.txt
[0.973s] writing top-level names to ../../build/lab2_pkg/lab2_pkg.egg-info/top_level.txt
[0.975s] reading manifest file '../../build/lab2_pkg/lab2_pkg.egg-info/SOURCES.txt'
[0.976s] writing manifest file '../../build/lab2_pkg/lab2_pkg.egg-info/SOURCES.txt'
[0.976s] running build
[0.976s] running build_py
[0.976s] copying lab2_pkg/lab2_test.py -> /home/alexandra.bacula/turtlebot4_ws/build/lab2_pkg/build/lib/lab2_pkg
[0.976s] running install
[0.977s] running install_lib
[0.977s] copying /home/alexandra.bacula/turtlebot4_ws/build/lab2_pkg/build/lib/lab2_pkg/lab2_test.py -> /home/alexandra.bacula/turtlebot4_ws/install/lab2_pkg/lib/python3.10/site-packages/lab2_pkg
[0.978s] byte-compiling /home/alexandra.bacula/turtlebot4_ws/install/lab2_pkg/lib/python3.10/site-packages/lab2_pkg/lab2_test.py to lab2_test.cpython-310.pyc
[0.982s] running install_data
[0.982s] running install_egg_info
[0.983s] removing '/home/alexandra.bacula/turtlebot4_ws/install/lab2_pkg/lib/python3.10/site-packages/lab2_pkg-0.0.0-py3.10.egg-info' (and everything under it)
[0.984s] Copying ../../build/lab2_pkg/lab2_pkg.egg-info to /home/alexandra.bacula/turtlebot4_ws/install/lab2_pkg/lib/python3.10/site-packages/lab2_pkg-0.0.0-py3.10.egg-info
[0.985s] running install_scripts
[1.003s] Installing lab2_test_node script to /home/alexandra.bacula/turtlebot4_ws/install/lab2_pkg/lib/lab2_pkg
[1.003s] Installing scan_test_node script to /home/alexandra.bacula/turtlebot4_ws/install/lab2_pkg/lib/lab2_pkg
[1.003s] writing list of installed files to '/home/alexandra.bacula/turtlebot4_ws/build/lab2_pkg/install.log'
[1.038s] Invoked command in '/home/alexandra.bacula/turtlebot4_ws/src/lab2_pkg' returned '0': PYTHONPATH=/home/alexandra.bacula/turtlebot4_ws/build/lab2_pkg/prefix_override:/usr/lib/python3/dist-packages/colcon_core/task/python/colcon_distutils_commands:/home/alexandra.bacula/turtlebot4_ws/install/lab2_pkg/lib/python3.10/site-packages:${PYTHONPATH} /usr/bin/python3 -W ignore:setup.py install is deprecated -W ignore:easy_install command is deprecated setup.py egg_info --egg-base ../../build/lab2_pkg build --build-base /home/alexandra.bacula/turtlebot4_ws/build/lab2_pkg/build install --record /home/alexandra.bacula/turtlebot4_ws/build/lab2_pkg/install.log --single-version-externally-managed install_data
