[0.819s] Invoking command in '/home/alexandra.bacula/turtlebot4_ws/src/lab1_pkg': PYTHONPATH=/home/alexandra.bacula/turtlebot4_ws/build/lab1_pkg/prefix_override:/usr/lib/python3/dist-packages/colcon_core/task/python/colcon_distutils_commands:/home/alexandra.bacula/turtlebot4_ws/install/lab1_pkg/lib/python3.10/site-packages:${PYTHONPATH} /usr/bin/python3 -W ignore:setup.py install is deprecated -W ignore:easy_install command is deprecated setup.py egg_info --egg-base ../../build/lab1_pkg build --build-base /home/alexandra.bacula/turtlebot4_ws/build/lab1_pkg/build install --record /home/alexandra.bacula/turtlebot4_ws/build/lab1_pkg/install.log --single-version-externally-managed install_data
[1.027s] running egg_info
[1.028s] writing ../../build/lab1_pkg/lab1_pkg.egg-info/PKG-INFO
[1.028s] writing dependency_links to ../../build/lab1_pkg/lab1_pkg.egg-info/dependency_links.txt
[1.028s] writing entry points to ../../build/lab1_pkg/lab1_pkg.egg-info/entry_points.txt
[1.028s] writing requirements to ../../build/lab1_pkg/lab1_pkg.egg-info/requires.txt
[1.028s] writing top-level names to ../../build/lab1_pkg/lab1_pkg.egg-info/top_level.txt
[1.030s] reading manifest file '../../build/lab1_pkg/lab1_pkg.egg-info/SOURCES.txt'
[1.030s] writing manifest file '../../build/lab1_pkg/lab1_pkg.egg-info/SOURCES.txt'
[1.031s] running build
[1.031s] running build_py
[1.031s] running install
[1.031s] running install_lib
[1.032s] running install_data
[1.032s] running install_egg_info
[1.035s] removing '/home/alexandra.bacula/turtlebot4_ws/install/lab1_pkg/lib/python3.10/site-packages/lab1_pkg-0.0.0-py3.10.egg-info' (and everything under it)
[1.035s] Copying ../../build/lab1_pkg/lab1_pkg.egg-info to /home/alexandra.bacula/turtlebot4_ws/install/lab1_pkg/lib/python3.10/site-packages/lab1_pkg-0.0.0-py3.10.egg-info
[1.036s] running install_scripts
[1.052s] Installing speed_behavior_node script to /home/alexandra.bacula/turtlebot4_ws/install/lab1_pkg/lib/lab1_pkg
[1.052s] writing list of installed files to '/home/alexandra.bacula/turtlebot4_ws/build/lab1_pkg/install.log'
[1.071s] Invoked command in '/home/alexandra.bacula/turtlebot4_ws/src/lab1_pkg' returned '0': PYTHONPATH=/home/alexandra.bacula/turtlebot4_ws/build/lab1_pkg/prefix_override:/usr/lib/python3/dist-packages/colcon_core/task/python/colcon_distutils_commands:/home/alexandra.bacula/turtlebot4_ws/install/lab1_pkg/lib/python3.10/site-packages:${PYTHONPATH} /usr/bin/python3 -W ignore:setup.py install is deprecated -W ignore:easy_install command is deprecated setup.py egg_info --egg-base ../../build/lab1_pkg build --build-base /home/alexandra.bacula/turtlebot4_ws/build/lab1_pkg/build install --record /home/alexandra.bacula/turtlebot4_ws/build/lab1_pkg/install.log --single-version-externally-managed install_data
